<?xml version="1.0" encoding="UTF-8"?>
<!-- Generated by org.testng.reporters.JUnitReportReporter -->
<testsuite hostname="LAPTOP-SQE984CU" failures="0" tests="1" name="Selemium.Framework.HomePageTest" time="2.154" errors="0" timestamp="2024-03-31T20:54:25 IST" skipped="0">
  <testcase classname="Selemium.Framework.HomePageTest" name="test1" time="2.154"/>
</testsuite> <!-- Selemium.Framework.HomePageTest -->
