<?xml version="1.0" encoding="UTF-8"?>
<!-- Generated by org.testng.reporters.JUnitReportReporter -->
<testsuite hostname="LAPTOP-SQE984CU" failures="0" tests="1" name="Selemium.Framework.ContactPageTest" time="0.001" errors="0" timestamp="2024-03-31T20:54:25 IST" skipped="0">
  <testcase classname="Selemium.Framework.ContactPageTest" name="display" time="0.001"/>
</testsuite> <!-- Selemium.Framework.ContactPageTest -->
